<?xml version="1.0" encoding="UTF-8"?>
<!-- Generated by org.testng.reporters.JUnitReportReporter -->
<testsuite skipped="0" hostname="DESKTOP-5M4S45C" name="org.pages.MainPage" tests="1" failures="0" timestamp="12 Mar 2022 06:10:05 GMT" time="5.750" errors="0">
  <testcase name="test1" time="5.750" classname="org.pages.MainPage"/>
</testsuite> <!-- org.pages.MainPage -->
